********************************************************************************
DUPLICATOR-LITE PACKAGE-LOG: 14.06.2022 13:11
NOTICE: Do NOT post to public sites or forums 
********************************************************************************
VERSION:	1.4.6
WORDPRESS:	6.0
PHP INFO:	7.2.34 | SAPI: apache2handler
SERVER:		Apache 
PHP TIME LIMIT: (0) no time limit imposed 
PHP MAX MEMORY: 4294967296 (1536M default) 
MEMORY STACK: 6MB

********************************************************************************
DATABASE:
********************************************************************************
BUILD MODE:   MYSQLDUMP
MYSQLTIMEOUT: 5000
MYSQLDUMP:    Is Supported
SQL CREATED: 20220614_cultivate_89a94247a39385749007_20220614131124_database.sql
SQL FILE SIZE: 1.32MB (1380958)
SQL FILE TIME: 2022-06-14 13:11:39
SQL RUNTIME: 3.34 sec.

********************************************************************************
ARCHIVE (ZIP):
********************************************************************************
ARCHIVE DIR:  D:/work/OpenServer/domains/cultivate.loc
ARCHIVE FILE: 20220614_cultivate_89a94247a39385749007_20220614131124_archive.zip
FILTERS: *OFF*
DIRS:
	not set
FILES:
	not set
EXTS:  not set
----------------------------------------
COMPRESSING
SIZE:	114.95MB
STATS:	Dirs 886 | Files 5,282
SQL ADDED: 20220614_cultivate_89a94247a39385749007_20220614131124_database.sql
ZipArchive Object
(
    [status] => 0
    [statusSys] => 0
    [numFiles] => 6168
    [filename] => D:\work\OpenServer\domains\cultivate.loc\wp-content\backups-dup-lite\tmp\20220614_cultivate_89a94247a39385749007_20220614131124_archive.zip
    [comment] => 
)

FILE ADDED TO ZIP: 6167
COMPRESSION RESULT: '1'
COMPRESSED SIZE: 59.83MB
ARCHIVE RUNTIME: 64.32 sec.
MEMORY STACK: 6MB
building installer
add_extra_files1
add_extra_files2
add_extra_files3
add_extra_files4
Doing archive file check
add_extra_files5
add_extra_files6
add_extra_files8
Successfully opened zip D:/work/OpenServer/domains/cultivate.loc/wp-content/backups-dup-lite/tmp/20220614_cultivate_89a94247a39385749007_20220614131124_archive.zip
Adding enhanced installer files to archive using ZipArchive
Installer files added to archive
Added to archive
After ziparchive close when adding installer

********************************************************************************
INTEGRITY CHECKS:
********************************************************************************
SQL FILE: 1.32MB
INSTALLER FILE: 64.59KB
ARCHIVE FILE: 60.86MB 
EXPECTED FILE/DIRECTORY COUNT: 6,168
ACTUAL FILE/DIRECTORY COUNT: 6,167
ARCHIVE CONSISTENCY TEST: Pass

********************************************************************************
RECORD ID:[1]
TOTAL PROCESS RUNTIME: 70.02 sec.
PEAK PHP MEMORY USED: 8MB
DONE PROCESSING => 20220614_cultivate 14.06.2022 13:12

